#                                                                                              best-scoring model                                                          different domain's best-scoring model  
#                                                      --------------------------------------------------------------------------------------------------                  -------------------------------------  
#idx  target          p/f  length  #fm  fam  domain    model       strnd  #ht  tscore  bscore  s/nt   bevalue   tcov   bcov   bfrom     bto  mfrom    mto  scdiff  scd/nt  model       tscore  unexpected_features
#---  -------------  ----  ------  ---  ---  --------  ----------  -----  ---  ------  ------  ----  --------  -----  -----  ------  ------  -----  -----  ------  ------  ----------  ------  -------------------
1     URS000083FA52  FAIL    2388    1  LSU  Bacteria  BS_LSU_3D   plus     3    76.6    34.2  0.03   9.4e-11  0.287  0.166    1781    2177   1049   1407       -       -  -                -  *DuplicateRegion:(1049-1124)_hits_1_and_2(M:1049.1407,926.1124,S:1781.2177,151.352);LowScore:(0.03<0.50);LowCoverage:(0.287<0.860);MultipleHits:(3:SI[M:-76(1049..1124),S:1428(353..1780)],NH[M:235(1408..1642),S:123(2178..2300)]);
2     URS0000C3EA9A  PASS     553    1  LSU  Bacteria  HS_LSU_3D   plus     1   245.0   245.0  0.44   7.1e-75  0.808  0.808     107     553    159    580       -       -  -                -  LowScore:(0.44<0.50);LowCoverage:(0.808<0.860);
3     URS0000D409C5  FAIL      87    0  -    -         -           -        -       -       -     -         -      -      -       -       -      -      -       -       -  -                -  *NoHits;
4     URS00008CD979  PASS    1505    1  LSU  Bacteria  MS_LSU_3D   plus     1  1118.6  1118.6  0.74         0  0.993  0.993       5    1499   1625   3117       -       -  -                -  -
5     URS00002AF18C  PASS      96    1  LSU  Bacteria  KL_LSU_3D   plus     1    44.0    44.0  0.46   6.2e-14  0.990  0.990       2      96     65    157       -       -  -                -  LowScore:(0.46<0.50);
6     URS0000EE662D  PASS    2894    1  LSU  Bacteria  SA_LSU_3D   plus     1  1511.8  1511.8  0.52         0  0.994  0.994       9    2886      5   2917       -       -  -                -  -
7     URS00002FE3B9  PASS    1018    1  LSU  Bacteria  mHS_LSU_3D  plus     1   343.8   343.8  0.34  7.1e-104  0.996  0.996       3    1016    337   1405       -       -  -                -  LowScore:(0.34<0.50);
8     URS000044349B  PASS     159    1  LSU  Bacteria  HS_LSU_3D   plus     1    80.9    80.9  0.51     2e-25  0.969  0.969       2     155      2    154       -       -  -                -  -
9     URS000032FC9D  PASS    2902    1  LSU  Bacteria  EC_LSU_3D   plus     1  2886.6  2886.6  0.99         0  1.000  1.000       2    2902      4   2904       -       -  -                -  -
10    URS0000724FE4  PASS     154    1  LSU  Bacteria  KL_LSU_3D   plus     1    70.3    70.3  0.46   7.1e-22  0.987  0.987       2     153      3    154       -       -  -                -  LowScore:(0.46<0.50);
11    URS00009DF1B3  PASS    2305    1  LSU  Bacteria  KL_LSU_3D   plus     1   856.5   856.5  0.37  6.5e-259  0.826  0.826     399    2301    786   2551       -       -  -                -  LowScore:(0.37<0.50);LowCoverage:(0.826<0.860);
12    URS00008C7538  PASS    1887    1  LSU  Bacteria  BS_LSU_3D   plus     1  1226.2  1226.2  0.65         0  0.997  0.997       2    1883   1021   2924       -       -  -                -  -
13    URS00003DE1CA  PASS    1397    1  LSU  Bacteria  mHS_LSU_3D  plus     1   507.5   507.5  0.36  2.4e-153  0.997  0.997       3    1395      2   1383       -       -  -                -  LowScore:(0.36<0.50);
14    URS000013AB68  PASS     505    1  LSU  Bacteria  KL_LSU_3D   plus     1   113.9   113.9  0.23   5.4e-35  0.319  0.319     160     320      1    161       -       -  -                -  LowScore:(0.23<0.50);LowCoverage:(0.319<0.860);
15    URS0000557C1B  PASS     517    1  LSU  Bacteria  KL_LSU_3D   plus     1   116.9   116.9  0.23   6.7e-36  0.317  0.317     152     315      1    164       -       -  -                -  LowScore:(0.23<0.50);LowCoverage:(0.317<0.860);
16    URS0000237B79  PASS     130    1  LSU  Bacteria  HS_LSU_3D   plus     1    30.0    30.0  0.23   4.3e-10  0.938  0.938       6     127     34    154       -       -  -                -  LowScore:(0.23<0.50);
17    URS0000730A48  PASS     601    1  LSU  Bacteria  KL_LSU_3D   plus     1   115.4   115.4  0.19   1.9e-35  0.278  0.278     259     425      1    169       -       -  -                -  LowScore:(0.19<0.50);LowCoverage:(0.278<0.860);
18    URS00008CB07B  PASS    2829    1  LSU  Bacteria  BS_LSU_3D   plus     1  1709.8  1709.8  0.60         0  0.998  0.998       2    2825     15   2841       -       -  -                -  -
19    URS00005F8BC8  PASS     967    1  LSU  Bacteria  mHS_LSU_3D  plus     1   404.2   404.2  0.42  4.2e-122  0.994  0.994       3     963    619   1521       -       -  -                -  LowScore:(0.42<0.50);
20    URS00009AC20F  PASS     450    1  LSU  Bacteria  HS_LSU_3D   plus     1   123.6   123.6  0.27   2.8e-38  0.476  0.476     169     382   4323   4540       -       -  -                -  LowScore:(0.27<0.50);LowCoverage:(0.476<0.860);
21    URS00005E5E33  PASS     494    1  LSU  Bacteria  mHS_LSU_3D  plus     1    68.9    68.9  0.14     9e-21  0.502  0.502     186     433   1222   1471       -       -  -                -  LowScore:(0.14<0.50);LowCoverage:(0.502<0.860);
22    URS00005A7D3F  PASS    1692    1  LSU  Bacteria  mHS_LSU_3D  plus     1   587.2   587.2  0.35    2e-177  0.946  0.946      52    1651     32   1521       -       -  -                -  LowScore:(0.35<0.50);
23    URS000052C27F  FAIL     276    0  -    -         -           -        -       -       -     -         -      -      -       -       -      -      -       -       -  -                -  *NoHits;
24    URS00006C8504  PASS     156    1  LSU  Bacteria  KL_LSU_3D   plus     1    78.6    78.6  0.50   2.3e-24  0.987  0.987       2     155      3    154       -       -  -                -  -
25    URS00002C92BC  PASS     478    1  LSU  Bacteria  KL_LSU_3D   plus     1   120.9   120.9  0.25     4e-37  0.354  0.354     168     336      1    171       -       -  -                -  LowScore:(0.25<0.50);LowCoverage:(0.354<0.860);
26    URS0000346596  PASS     470    1  LSU  Bacteria  KL_LSU_3D   plus     1   117.5   117.5  0.25   4.3e-36  0.360  0.360     173     341      1    170       -       -  -                -  LowScore:(0.25<0.50);LowCoverage:(0.360<0.860);
27    URS00006995E3  PASS     157    1  LSU  Bacteria  KL_LSU_3D   plus     1    74.2    74.2  0.47   4.9e-23  0.987  0.987       2     156      3    154       -       -  -                -  LowScore:(0.47<0.50);
28    URS00000FC8AF  PASS    1702    1  LSU  Bacteria  mHS_LSU_3D  plus     1   643.3   643.3  0.38  2.2e-194  0.970  0.970      49    1699     21   1556       -       -  -                -  LowScore:(0.38<0.50);
29    URS00006DABCB  FAIL     127    0  -    -         -           -        -       -       -     -         -      -      -       -       -      -      -       -       -  -                -  *NoHits;
30    URS0000465FDA  PASS     154    1  LSU  Bacteria  KL_LSU_3D   plus     1    92.2    92.2  0.60   1.8e-28  0.994  0.994       1     153      2    154       -       -  -                -  -
31    URS00003C46D5  PASS     530    1  LSU  Bacteria  mHS_LSU_3D  plus     1   111.6   111.6  0.21   1.1e-33  0.945  0.945      28     528    873   1415       -       -  -                -  LowScore:(0.21<0.50);
32    URS0000A66029  PASS     680    1  LSU  Bacteria  SC_LSU_3D   plus     1    78.1    78.1  0.11   3.3e-24  0.229  0.229     265     420      2    157       -       -  -                -  LowScore:(0.11<0.50);LowCoverage:(0.229<0.860);
33    URS000028D480  FAIL     266    0  -    -         -           -        -       -       -     -         -      -      -       -       -      -      -       -       -  -                -  *NoHits;
34    URS0000452528  FAIL     192    0  -    -         -           -        -       -       -     -         -      -      -       -       -      -      -       -       -  -                -  *NoHits;
35    URS0000D9BD32  PASS    3285    1  LSU  Bacteria  SC_LSU_3D   plus     1  1630.0  1630.0  0.50         0  0.995  0.995       2    3270    163   3541       -       -  -                -  LowScore:(0.50<0.50);
36    URS000052EC7B  PASS     552    1  LSU  Bacteria  KL_LSU_3D   plus     1    78.8    78.8  0.14     2e-24  0.317  0.317     189     363      3    171       -       -  -                -  LowScore:(0.14<0.50);LowCoverage:(0.317<0.860);
37    URS00002DE642  PASS     598    1  LSU  Bacteria  KL_LSU_3D   plus     1   113.5   113.5  0.19   6.7e-35  0.261  0.261     265     420      2    157       -       -  -                -  LowScore:(0.19<0.50);LowCoverage:(0.261<0.860);
38    URS0000EDCAC2  PASS    2899    1  LSU  Bacteria  EC_LSU_3D   plus     1  1969.1  1969.1  0.68         0  0.990  0.990      10    2879      3   2902       -       -  -                -  -
39    URS00000E4C5B  PASS     155    1  LSU  Bacteria  KL_LSU_3D   plus     1   111.7   111.7  0.72   2.4e-34  0.994  0.994       1     154      2    155       -       -  -                -  -
40    URS0000D2C4B4  PASS      87    1  LSU  Bacteria  KL_LSU_3D   plus     1    21.6    21.6  0.25   3.5e-07  0.977  0.977       1      85     74    156       -       -  -                -  LowScore:(0.25<0.50);
41    URS00008019FF  PASS     513    1  LSU  Bacteria  mHS_LSU_3D  plus     1   109.8   109.8  0.21   3.8e-33  0.971  0.971      14     511    858   1389       -       -  -                -  LowScore:(0.21<0.50);
42    URS0000621494  PASS     248    1  LSU  Bacteria  KL_LSU_3D   plus     1    41.5    41.5  0.17   3.5e-13  0.395  0.395     149     246      3    100       -       -  -                -  LowScore:(0.17<0.50);LowCoverage:(0.395<0.860);
43    URS0000BC0B07  PASS     157    1  LSU  Bacteria  KL_LSU_3D   plus     1   110.2   110.2  0.70     7e-34  0.975  0.975       4     156      2    154       -       -  -                -  -
44    URS0000304245  PASS     749    1  LSU  Bacteria  HS_LSU_3D   plus     1    37.6    37.6  0.05   2.4e-12  0.199  0.199     386     534      6    157       -       -  -                -  LowScore:(0.05<0.50);LowCoverage:(0.199<0.860);
45    URS0000DC092F  FAIL    3358    1  LSU  Bacteria  EC_LSU_3D   plus     2  3363.3  1820.9  1.00         0  0.999  0.539       2    1811    552   2361       -       -  -                -  *DuplicateRegion:(1359-2361)_hits_1_and_2(M:552.2361,1359.2904,S:2.1811,1813.3358);MultipleHits:(2:SI[M:-1003(1359..2361),S:1(1812..1812)]);
46    URS0000C7D7DD  PASS    3915    1  LSU  Bacteria  HS_LSU_3D   plus     4  1487.8   893.8  0.38  2.1e-270  0.808  0.358    2501    3903   3318   4883       -       -  -                -  LowScore:(0.38<0.50);LowCoverage:(0.808<0.860);MultipleHits:(4:MD[M:207(225..431),S:0(64..65)],NH[M:143(918..1060),S:11(498..508)],NH[M:1045(2273..3317),S:729(1772..2500)]);
47    URS00001C0A11  PASS     306    1  LSU  Bacteria  mHS_LSU_3D  plus     2    58.7    35.5  0.19   1.1e-10  0.866  0.556     136     305   1212   1381       -       -  -                -  LowScore:(0.19<0.50);MultipleHits:(2:NH[M:195(1017..1211),S:39(97..135)]);
48    URS00000A193F  PASS     837    1  LSU  Bacteria  KL_LSU_3D   plus     1   112.5   112.5  0.13   1.3e-34  0.192  0.192     262     422      2    162       -       -  -                -  LowScore:(0.13<0.50);LowCoverage:(0.192<0.860);
49    URS00002321D8  PASS     665    1  LSU  Bacteria  HS_LSU_3D   plus     1   160.6   160.6  0.24   1.9e-49  0.471  0.471     353     665    154    473       -       -  -                -  LowScore:(0.24<0.50);LowCoverage:(0.471<0.860);
50    URS0000EC3439  PASS    1113    1  LSU  Bacteria  mHS_LSU_3D  minus    1   108.9   108.9  0.10   7.3e-33  0.242  0.242     424     156    794   1070       -       -  -                -  MinusStrand;LowScore:(0.10<0.50);LowCoverage:(0.242<0.860);
51    URS00005EF3DE  PASS     163    1  LSU  Bacteria  KL_LSU_3D   plus     1    73.8    73.8  0.45   6.4e-23  0.945  0.945       7     160      3    154       -       -  -                -  LowScore:(0.45<0.50);
52    URS000061D1D7  PASS     565    1  LSU  Bacteria  KL_LSU_3D   plus     2   133.0   115.4  0.24   1.9e-35  0.384  0.297     187     354      1    170       -       -  -                -  LowScore:(0.24<0.50);LowCoverage:(0.384<0.860);MultipleHits:(2:SI[M:-10(161..170),S:162(355..516)]);
53    URS000099452D  PASS    1343    1  LSU  Bacteria  mHS_LSU_3D  plus     1   538.0   538.0  0.40  1.4e-162  0.999  0.999       2    1342     73   1398       -       -  -                -  LowScore:(0.40<0.50);
54    URS0000AF4DA0  PASS    2932    1  LSU  Bacteria  EC_LSU_3D   plus     1  2947.0  2947.0  1.01         0  0.991  0.991      10    2914      1   2904       -       -  -                -  -
55    URS0000D8CA25  PASS    2891    1  LSU  Bacteria  EC_LSU_3D   plus     1  2208.7  2208.7  0.76         0  0.999  0.999       1    2889      1   2902       -       -  -                -  -
56    URS000038F14D  PASS     601    1  LSU  Bacteria  KL_LSU_3D   plus     1    75.0    75.0  0.12   2.7e-23  0.265  0.265     233     391      3    159       -       -  -                -  LowScore:(0.12<0.50);LowCoverage:(0.265<0.860);
57    URS0000EE3CC0  PASS    2247    1  LSU  Bacteria  BS_LSU_3D   plus     1  1962.1  1962.1  0.87         0  0.998  0.998       2    2244    687   2924       -       -  -                -  -
58    URS0000DCB630  PASS    2899    1  LSU  Bacteria  EC_LSU_3D   plus     1  2795.5  2795.5  0.96         0  1.000  1.000       2    2899      4   2903       -       -  -                -  -
59    URS0000750438  PASS     639    1  LSU  Bacteria  KL_LSU_3D   plus     1   116.0   116.0  0.18   1.2e-35  0.252  0.252     220     380      2    162       -       -  -                -  LowScore:(0.18<0.50);LowCoverage:(0.252<0.860);
60    URS0000C1560D  PASS    3137    1  LSU  Bacteria  MS_LSU_3D   plus     1  2822.8  2822.8  0.90         0  0.997  0.997       5    3132      2   3119       -       -  -                -  -
61    URS00001829DB  PASS     613    1  LSU  Bacteria  SC_LSU_3D   plus     1   115.4   115.4  0.19   1.9e-35  0.272  0.272     255     421      1    169       -       -  -                -  LowScore:(0.19<0.50);LowCoverage:(0.272<0.860);
62    URS00009F1508  PASS    2842    1  LSU  Bacteria  cSO_23S_3D  plus     1  2488.1  2488.1  0.88         0  0.999  0.999       2    2841      2   2807       -       -  -                -  -
63    URS000058B027  FAIL     235    0  -    -         -           -        -       -       -     -         -      -      -       -       -      -      -       -       -  -                -  *NoHits;
64    URS00003DCC9A  PASS     424    1  LSU  Bacteria  mHS_LSU_3D  plus     1    67.3    67.3  0.16   2.6e-20  0.983  0.983       3     419    942   1385       -       -  -                -  LowScore:(0.16<0.50);
65    URS000004CF83  PASS     486    1  LSU  Bacteria  mHS_LSU_3D  plus     1    65.5    65.5  0.13   9.1e-20  0.481  0.481     146     379   1221   1454       -       -  -                -  LowScore:(0.13<0.50);LowCoverage:(0.481<0.860);
66    URS0000383296  PASS     227    1  LSU  Bacteria  KL_LSU_3D   plus     1    35.7    35.7  0.16     2e-11  0.357  0.357     147     227    144    218       -       -  -                -  LowScore:(0.16<0.50);LowCoverage:(0.357<0.860);
67    URS00007336B2  PASS     619    1  LSU  Bacteria  mHS_LSU_3D  plus     1   141.8   141.8  0.23   8.1e-43  0.901  0.901      28     585    872   1465       -       -  -                -  LowScore:(0.23<0.50);
68    URS00004DC6A2  PASS     331    1  LSU  Bacteria  KL_LSU_3D   plus     1   116.0   116.0  0.35   1.3e-35  0.483  0.483     139     298      1    160       -       -  -                -  LowScore:(0.35<0.50);LowCoverage:(0.483<0.860);
69    URS0000594829  PASS    1583    1  LSU  Bacteria  mHS_LSU_3D  plus     1   807.0   807.0  0.51  7.6e-244  0.997  0.997       4    1582      4   1558       -       -  -                -  -
70    URS00000AB873  PASS     513    1  LSU  Bacteria  KL_LSU_3D   plus     1   122.6   122.6  0.24   1.2e-37  0.308  0.308     195     352      1    158       -       -  -                -  LowScore:(0.24<0.50);LowCoverage:(0.308<0.860);
71    URS0000454BD1  PASS     290    1  LSU  Bacteria  KL_LSU_3D   plus     1    45.5    45.5  0.16   2.2e-14  0.345  0.345     190     289      1     96       -       -  -                -  LowScore:(0.16<0.50);LowCoverage:(0.345<0.860);
72    URS0000386652  FAIL     238    0  -    -         -           -        -       -       -     -         -      -      -       -       -      -      -       -       -  -                -  *NoHits;
73    URS000070C175  PASS     154    1  LSU  Bacteria  KL_LSU_3D   plus     1   105.7   105.7  0.69   1.6e-32  0.994  0.994       1     153      2    154       -       -  -                -  -
74    URS00001643AC  PASS     543    1  LSU  Bacteria  KL_LSU_3D   plus     1   109.3   109.3  0.20   1.3e-33  0.313  0.313     175     344      2    173       -       -  -                -  LowScore:(0.20<0.50);LowCoverage:(0.313<0.860);
75    URS00005191A7  PASS     553    1  LSU  Bacteria  KL_LSU_3D   plus     2   121.6   108.7  0.22     2e-33  0.371  0.284     145     301      2    158       -       -  -                -  LowScore:(0.22<0.50);LowCoverage:(0.371<0.860);MultipleHits:(2:SI[M:1(159..159),S:204(302..505)]);
76    URS0000292E1E  PASS     300    1  LSU  Bacteria  KL_LSU_3D   plus     1    82.4    82.4  0.27   1.7e-25  0.390  0.390     184     300      2    118       -       -  -                -  LowScore:(0.27<0.50);LowCoverage:(0.390<0.860);
77    URS00009EFB1E  PASS     166    1  LSU  Bacteria  KL_LSU_3D   plus     1    72.9    72.9  0.44   1.2e-22  0.934  0.934       6     160      3    155       -       -  -                -  LowScore:(0.44<0.50);
78    URS00005CFC8B  PASS    2110    1  LSU  Bacteria  KL_LSU_3D   plus     1  1388.7  1388.7  0.66         0  0.999  0.999       2    2109    233   2310       -       -  -                -  -
79    URS0000B4D751  PASS    2770    1  LSU  Bacteria  EC_LSU_3D   plus     1  2671.3  2671.3  0.96         0  0.995  0.995       2    2758    146   2904       -       -  -                -  -
80    URS00003E06A9  FAIL     224    0  -    -         -           -        -       -       -     -         -      -      -       -       -      -      -       -       -  -                -  *NoHits;
81    URS000015375A  PASS    2136    1  LSU  Bacteria  KL_LSU_3D   plus     1  1401.8  1401.8  0.66         0  1.000  1.000       1    2136    205   2318       -       -  -                -  -
82    URS00003915CD  PASS     458    1  LSU  Bacteria  KL_LSU_3D   plus     1   117.6   117.6  0.26     4e-36  0.349  0.349     137     296      1    160       -       -  -                -  LowScore:(0.26<0.50);LowCoverage:(0.349<0.860);
83    URS000044D694  FAIL     266    0  -    -         -           -        -       -       -     -         -      -      -       -       -      -      -       -       -  -                -  *NoHits;
84    URS00003A71C1  FAIL     364    0  -    -         -           -        -       -       -     -         -      -      -       -       -      -      -       -       -  -                -  *NoHits;
85    URS0000360D6A  FAIL     189    0  -    -         -           -        -       -       -     -         -      -      -       -       -      -      -       -       -  -                -  *NoHits;
86    URS0000E33F12  PASS    2360    1  LSU  Bacteria  EC_LSU_3D   plus     1  2298.5  2298.5  0.97         0  0.994  0.994       2    2348    559   2904       -       -  -                -  -
87    URS00004396EA  PASS     283    1  LSU  Bacteria  mHS_LSU_3D  plus     1    59.2    59.2  0.21   7.6e-18  0.664  0.664      96     283   1216   1404       -       -  -                -  LowScore:(0.21<0.50);LowCoverage:(0.664<0.860);
88    URS000074D1FC  PASS     465    1  LSU  Bacteria  KL_LSU_3D   plus     1   121.0   121.0  0.26   3.7e-37  0.381  0.381     163     339      1    178       -       -  -                -  LowScore:(0.26<0.50);LowCoverage:(0.381<0.860);
89    URS0000C5FF65  PASS    2892    1  LSU  Bacteria  EC_LSU_3D   plus     1  2197.9  2197.9  0.76         0  0.999  0.999       2    2890      2   2902       -       -  -                -  -
90    URS0000117E46  PASS    1390    1  LSU  Bacteria  mHS_LSU_3D  plus     1   483.4   483.4  0.35  4.6e-146  0.997  0.997       5    1390      4   1351       -       -  -                -  LowScore:(0.35<0.50);
91    URS000018DC25  PASS     595    1  LSU  Bacteria  KL_LSU_3D   plus     1   111.4   111.4  0.19     3e-34  0.271  0.271     186     346      1    161       -       -  -                -  LowScore:(0.19<0.50);LowCoverage:(0.271<0.860);
92    URS0000762522  PASS     518    1  LSU  Bacteria  SC_LSU_3D   plus     1   118.0   118.0  0.23     3e-36  0.346  0.346     185     363      1    182       -       -  -                -  LowScore:(0.23<0.50);LowCoverage:(0.346<0.860);
93    URS000047AF88  PASS     265    1  LSU  Bacteria  KL_LSU_3D   plus     1    31.6    31.6  0.12   3.5e-10  0.294  0.294     188     265    151    218       -       -  -                -  LowScore:(0.12<0.50);LowCoverage:(0.294<0.860);
94    URS000005E66D  PASS     452    1  LSU  Bacteria  KL_LSU_3D   plus     1   123.2   123.2  0.27   8.2e-38  0.385  0.385     147     320      1    176       -       -  -                -  LowScore:(0.27<0.50);LowCoverage:(0.385<0.860);
95    URS0000E23A91  PASS    2946    1  LSU  Bacteria  BS_LSU_3D   plus     1  1463.4  1463.4  0.50         0  0.992  0.992       9    2929      4   2914       -       -  -                -  LowScore:(0.50<0.50);
96    URS0000B1B36E  PASS     155    1  LSU  Bacteria  KL_LSU_3D   plus     1    32.8    32.8  0.21   1.5e-10  0.677  0.677       6     110      7    112       -       -  -                -  LowScore:(0.21<0.50);LowCoverage:(0.677<0.860);
97    URS0000901414  PASS    1320    1  LSU  Bacteria  mHS_LSU_3D  plus     1   518.0   518.0  0.39  1.6e-156  0.998  0.998       2    1318    116   1386       -       -  -                -  LowScore:(0.39<0.50);
98    URS00008CFE1C  PASS    2235    1  LSU  Bacteria  EC_LSU_3D   plus     1  2195.5  2195.5  0.98         0  0.999  0.999       2    2234    555   2785       -       -  -                -  -
99    URS0000CEB151  PASS     499    1  LSU  Bacteria  mHS_LSU_3D  plus     1   113.3   113.3  0.23   3.4e-34  0.944  0.944      27     497    889   1389       -       -  -                -  LowScore:(0.23<0.50);
100   URS00007A9F9C  PASS     493    1  LSU  Bacteria  KL_LSU_3D   plus     1   123.2   123.2  0.25     8e-38  0.320  0.320     152     309      1    158       -       -  -                -  LowScore:(0.25<0.50);LowCoverage:(0.320<0.860);
101   URS000030701F  FAIL     268    0  -    -         -           -        -       -       -     -         -      -      -       -       -      -      -       -       -  -                -  *NoHits;
102   URS0000668EE7  PASS     155    1  LSU  Bacteria  KL_LSU_3D   plus     1   102.2   102.2  0.66   1.8e-31  0.994  0.994       1     154      2    154       -       -  -                -  -
103   URS0000DA3D8D  PASS    3221    1  LSU  Bacteria  SC_LSU_3D   plus     1  1878.1  1878.1  0.58         0  0.995  0.995       5    3208    324   3543       -       -  -                -  -
104   URS0000ADD181  PASS    2931    1  LSU  Bacteria  EC_LSU_3D   plus     1  2776.0  2776.0  0.95         0  0.991  0.991      10    2913      1   2904       -       -  -                -  -
105   URS00009F0F07  PASS    2061    1  LSU  Bacteria  HS_LSU_3D   plus     2   807.3   585.3  0.39    2e-177  0.710  0.450     582    1509   1293   2266       -       -  -                -  LowScore:(0.39<0.50);LowCoverage:(0.710<0.860);MultipleHits:(2:NH[M:484(809..1292),S:45(537..581)]);
106   URS0000DD2A21  PASS    2815    1  LSU  Bacteria  SA_LSU_3D   plus     1  1551.0  1551.0  0.55         0  0.996  0.996       8    2810      9   2918       -       -  -                -  -
107   URS0000C41CED  PASS    3356    1  LSU  Bacteria  SC_LSU_3D   plus     1  1928.9  1928.9  0.57         0  0.997  0.997       2    3348    163   3547       -       -  -                -  -
108   URS00000154B3  FAIL     285    0  -    -         -           -        -       -       -     -         -      -      -       -       -      -      -       -       -  -                -  *NoHits;
109   URS0000243B23  FAIL     235    0  -    -         -           -        -       -       -     -         -      -      -       -       -      -      -       -       -  -                -  *NoHits;
110   URS0000B06E37  PASS     598    1  LSU  Bacteria  KL_LSU_3D   plus     1   110.3   110.3  0.18   6.6e-34  0.283  0.283     227     395      1    171       -       -  -                -  LowScore:(0.18<0.50);LowCoverage:(0.283<0.860);
111   URS0000EDF202  PASS    2928    1  LSU  Bacteria  EC_LSU_3D   plus     1  2787.9  2787.9  0.95         0  0.993  0.993      10    2916      1   2904       -       -  -                -  -
112   URS00003EC553  PASS    2902    1  LSU  Bacteria  EC_LSU_3D   plus     1  2893.3  2893.3  1.00         0  1.000  1.000       2    2902      4   2904       -       -  -                -  -
113   URS0000396065  PASS     249    1  LSU  Bacteria  KL_LSU_3D   plus     1    49.4    49.4  0.20   1.5e-15  0.406  0.406       2     102     76    180       -       -  -                -  LowScore:(0.20<0.50);LowCoverage:(0.406<0.860);
114   URS0000204AE9  PASS     154    1  LSU  Bacteria  KL_LSU_3D   plus     1   114.8   114.8  0.75   2.8e-35  0.994  0.994       1     153      2    154       -       -  -                -  -
115   URS00007CDAB5  PASS     670    1  LSU  Bacteria  SC_LSU_3D   plus     1    77.3    77.3  0.12   5.6e-24  0.236  0.236     218     375      3    158       -       -  -                -  LowScore:(0.12<0.50);LowCoverage:(0.236<0.860);
116   URS0000EDBE58  PASS     162    1  LSU  Bacteria  KL_LSU_3D   plus     1    71.5    71.5  0.44   3.2e-22  0.951  0.951       4     157      2    153       -       -  -                -  LowScore:(0.44<0.50);
117   URS000009610F  PASS     163    1  LSU  Bacteria  KL_LSU_3D   plus     1    72.5    72.5  0.44   1.6e-22  0.951  0.951       6     160      3    155       -       -  -                -  LowScore:(0.44<0.50);
118   URS00002B1BDD  FAIL     260    0  -    -         -           -        -       -       -     -         -      -      -       -       -      -      -       -       -  -                -  *NoHits;
119   URS0000376201  PASS     561    1  LSU  Bacteria  SC_LSU_3D   plus     1    76.5    76.5  0.14   9.8e-24  0.276  0.276     202     356      3    156       -       -  -                -  LowScore:(0.14<0.50);LowCoverage:(0.276<0.860);
120   URS0000EE8755  PASS    2899    1  LSU  Bacteria  EC_LSU_3D   plus     1  2128.1  2128.1  0.73         0  0.992  0.992       9    2883      2   2902       -       -  -                -  -
121   URS000071F4ED  PASS     154    1  LSU  Bacteria  KL_LSU_3D   plus     1   115.6   115.6  0.75   1.6e-35  0.987  0.987       1     152      2    153       -       -  -                -  -
122   URS00006E672D  PASS     109    1  LSU  Bacteria  KL_LSU_3D   plus     1    69.1    69.1  0.63   1.7e-21  0.982  0.982       2     108     48    154       -       -  -                -  -
123   URS00005FED3A  PASS     146    1  LSU  Bacteria  KL_LSU_3D   plus     1   101.0   101.0  0.69   4.2e-31  0.993  0.993       1     145      2    145       -       -  -                -  -
124   URS0000577D97  FAIL     534    1  LSU  Bacteria  KL_LSU_3D   plus     2   139.2   118.9  0.26   1.6e-36  0.442  0.328     163     337      1    177       -       -  -                -  *DuplicateRegion:(156-177)_hits_1_and_2(M:1.177,156.216,S:163.337,474.534);LowScore:(0.26<0.50);LowCoverage:(0.442<0.860);MultipleHits:(2:SI[M:-22(156..177),S:136(338..473)]);
125   URS00008D1822  PASS    3015    1  LSU  Bacteria  cSO_23S_3D  plus     2  2828.1  2757.4  0.94         0  0.967  0.932       2    2811      3   2811       -       -  -                -  MultipleHits:(2:SI[M:-3(2809..2811),S:97(2812..2908)]);
126   URS00008F5F80  PASS    3508    1  LSU  Bacteria  HS_LSU_3D   plus     4  1745.3   767.1  0.50  3.3e-232  0.853  0.319    2389    3507   3729   4832       -       -  -                -  LowScore:(0.50<0.50);LowCoverage:(0.853<0.860);MultipleHits:(4:NH[M:811(631..1441),S:381(403..783)],NH[M:177(2243..2419),S:14(1559..1572)],NH[M:614(3115..3728),S:116(2273..2388)]);
127   URS0000B1F4A1  PASS    2351    1  LSU  Bacteria  EC_LSU_3D   plus     1  1844.1  1844.1  0.78         0  0.998  0.998       2    2348    553   2902       -       -  -                -  -
128   URS0000494D9E  FAIL     261    0  -    -         -           -        -       -       -     -         -      -      -       -       -      -      -       -       -  -                -  *NoHits;
129   URS00003F5097  PASS     559    1  LSU  Bacteria  SC_LSU_3D   plus     1   113.7   113.7  0.20     6e-35  0.311  0.311     216     389      1    176       -       -  -                -  LowScore:(0.20<0.50);LowCoverage:(0.311<0.860);
130   URS00000AE423  PASS     165    1  LSU  Bacteria  KL_LSU_3D   plus     1    71.5    71.5  0.43   3.2e-22  0.933  0.933       6     159      3    153       -       -  -                -  LowScore:(0.43<0.50);
131   URS0000AE0B7C  PASS    2881    1  LSU  Bacteria  SA_LSU_3D   plus     1  1579.5  1579.5  0.55         0  0.994  0.994      14    2876     10   2917       -       -  -                -  -
132   URS000020D236  PASS     245    1  LSU  Bacteria  KL_LSU_3D   plus     1    28.3    28.3  0.12   3.5e-09  0.253  0.253     184     245    157    218       -       -  -                -  LowScore:(0.12<0.50);LowCoverage:(0.253<0.860);
133   URS0000002C92  FAIL     255    0  -    -         -           -        -       -       -     -         -      -      -       -       -      -      -       -       -  -                -  *NoHits;
134   URS00008C5DE3  PASS    2818    1  LSU  Bacteria  BS_LSU_3D   plus     1  1531.6  1531.6  0.54         0  0.995  0.995       2    2806     12   2915       -       -  -                -  -
135   URS0000DD072B  PASS    2924    1  LSU  Bacteria  SA_LSU_3D   plus     1  2981.2  2981.2  1.02         0  0.999  0.999       2    2921      4   2920       -       -  -                -  -
136   URS0000495056  FAIL     245    0  -    -         -           -        -       -       -     -         -      -      -       -       -      -      -       -       -  -                -  *NoHits;
137   URS0000297A05  PASS    2901    1  LSU  Bacteria  EC_LSU_3D   plus     1  2923.9  2923.9  1.01         0  1.000  1.000       2    2901      5   2903       -       -  -                -  -
138   URS0000217F08  PASS    1093    1  LSU  Bacteria  KL_LSU_3D   plus     2   434.4   324.2  0.40     2e-98  0.692  0.541     502    1092    156    754       -       -  -                -  LowScore:(0.40<0.50);LowCoverage:(0.692<0.860);MultipleHits:(2:SI[M:-13(156..168),S:148(354..501)]);
139   URS000050A25A  PASS     634    1  LSU  Bacteria  KL_LSU_3D   plus     1    74.1    74.1  0.12   5.3e-23  0.244  0.244     256     410      3    155       -       -  -                -  LowScore:(0.12<0.50);LowCoverage:(0.244<0.860);
140   URS0000389DBA  PASS     323    1  LSU  Bacteria  SC_LSU_3D   plus     1    65.3    65.3  0.20   2.4e-20  0.467  0.467     167     317      3    151       -       -  -                -  LowScore:(0.20<0.50);LowCoverage:(0.467<0.860);
141   URS000060F035  FAIL     276    0  -    -         -           -        -       -       -     -         -      -      -       -       -      -      -       -       -  -                -  *NoHits;
142   URS0000E0DDDF  PASS    2289    1  LSU  Bacteria  HS_LSU_3D   plus     3   890.8   506.3  0.39  1.3e-153  0.830  0.420     728    1689   1290   2258       -       -  -                -  LowScore:(0.39<0.50);LowCoverage:(0.830<0.860);MultipleHits:(3:NH[M:686(604..1289),S:359(369..727)],NH[M:156(2259..2414),S:31(1690..1720)]);
143   URS00006EE514  PASS     153    1  LSU  Bacteria  KL_LSU_3D   plus     1    85.8    85.8  0.56   1.6e-26  0.974  0.974       3     151      4    153       -       -  -                -  -
144   URS00007029A2  PASS     156    1  LSU  Bacteria  KL_LSU_3D   plus     1    72.6    72.6  0.47   1.5e-22  0.981  0.981       2     154      3    153       -       -  -                -  LowScore:(0.47<0.50);
145   URS00004BE758  PASS     630    1  LSU  Bacteria  KL_LSU_3D   plus     1   115.2   115.2  0.18   2.1e-35  0.252  0.252     451     609      1    158       -       -  -                -  LowScore:(0.18<0.50);LowCoverage:(0.252<0.860);
146   URS000046B139  PASS     163    1  LSU  Bacteria  SC_LSU_3D   plus     1    74.3    74.3  0.46   4.7e-23  0.951  0.951       6     160      3    155       -       -  -                -  LowScore:(0.46<0.50);
147   URS0000580332  PASS     201    1  LSU  Bacteria  KL_LSU_3D   plus     1   114.8   114.8  0.57   2.7e-35  0.781  0.781      45     201      1    157       -       -  -                -  LowCoverage:(0.781<0.860);
148   URS00003010EC  FAIL     246    0  -    -         -           -        -       -       -     -         -      -      -       -       -      -      -       -       -  -                -  *NoHits;
149   URS00001D2CBC  PASS     876    1  LSU  Bacteria  KL_LSU_3D   plus     2   417.2   327.5  0.48   2.1e-99  0.822  0.675     285     875    155    753       -       -  -                -  LowScore:(0.48<0.50);LowCoverage:(0.822<0.860);MultipleHits:(2:SI[M:-5(155..159),S:154(131..284)]);
150   URS000029EB13  PASS     153    1  LSU  Bacteria  KL_LSU_3D   plus     1    84.7    84.7  0.55   3.4e-26  0.993  0.993       1     152      2    153       -       -  -                -  -
151   URS0000ED50F0  PASS    2901    1  LSU  Bacteria  BS_LSU_3D   plus     1  2118.4  2118.4  0.73         0  0.998  0.998       2    2896      4   2923       -       -  -                -  -
152   URS00005E5B9F  FAIL     261    0  -    -         -           -        -       -       -     -         -      -      -       -       -      -      -       -       -  -                -  *NoHits;
153   URS00001CE77C  PASS     511    1  LSU  Bacteria  KL_LSU_3D   plus     1   113.3   113.3  0.22   7.8e-35  0.329  0.329     189     356      1    170       -       -  -                -  LowScore:(0.22<0.50);LowCoverage:(0.329<0.860);
154   URS0000561A45  PASS    2925    1  LSU  Bacteria  EC_LSU_3D   plus     1  2890.0  2890.0  0.99         0  0.993  0.993      10    2913      1   2904       -       -  -                -  -
155   URS000076FAFD  PASS     596    1  LSU  Bacteria  SC_LSU_3D   plus     1    78.3    78.3  0.13     3e-24  0.260  0.260     226     380      3    155       -       -  -                -  LowScore:(0.13<0.50);LowCoverage:(0.260<0.860);
156   URS000099FBC6  PASS    2436    1  LSU  Bacteria  SC_LSU_3D   plus     1  1829.9  1829.9  0.75         0  0.999  0.999       2    2434    163   2616       -       -  -                -  -
157   URS00006F66D9  PASS     156    1  LSU  Bacteria  KL_LSU_3D   plus     1    68.0    68.0  0.44   3.7e-21  0.981  0.981       3     155      4    154       -       -  -                -  LowScore:(0.44<0.50);
158   URS0000652EE7  PASS     156    1  LSU  Bacteria  KL_LSU_3D   plus     1    77.2    77.2  0.49   5.9e-24  0.987  0.987       2     155      3    154       -       -  -                -  LowScore:(0.49<0.50);
159   URS0000DD8BA2  PASS    2916    1  LSU  Bacteria  SA_LSU_3D   plus     1  2951.2  2951.2  1.01         0  0.999  0.999       2    2913      4   2920       -       -  -                -  -
160   URS000043801A  PASS     628    1  LSU  Bacteria  KL_LSU_3D   plus     1    80.0    80.0  0.13     9e-25  0.253  0.253     256     414      3    159       -       -  -                -  LowScore:(0.13<0.50);LowCoverage:(0.253<0.860);
161   URS0000B83C6E  PASS    2932    1  LSU  Bacteria  BS_LSU_3D   plus     1  2226.3  2226.3  0.76         0  0.997  0.997       5    2926      2   2923       -       -  -                -  -
162   URS000072CDE0  PASS     147    1  LSU  Bacteria  HS_LSU_3D   plus     1    77.2    77.2  0.53   2.7e-24  0.993  0.993       1     146     10    153       -       -  -                -  -
163   URS000029A396  PASS     163    1  LSU  Bacteria  KL_LSU_3D   plus     1    77.6    77.6  0.48   4.7e-24  0.951  0.951       6     160      3    155       -       -  -                -  LowScore:(0.48<0.50);
164   URS0000D2306A  PASS    2930    1  LSU  Bacteria  EC_LSU_3D   plus     1  2799.8  2799.8  0.96         0  0.991  0.991      10    2913      1   2904       -       -  -                -  -
165   URS00005752B9  PASS    1559    1  LSU  Bacteria  mHS_LSU_3D  plus     1  1517.2  1517.2  0.97         0  1.000  1.000       1    1559      1   1559       -       -  -                -  -
166   URS000064E249  PASS     154    1  LSU  Bacteria  KL_LSU_3D   plus     1   109.0   109.0  0.71   1.6e-33  0.994  0.994       1     153      2    154       -       -  -                -  -
167   URS0000AB5E89  PASS    2893    1  LSU  Bacteria  EC_LSU_3D   plus     1  2214.2  2214.2  0.77         0  0.999  0.999       3    2892      2   2902       -       -  -                -  -
168   URS0000E33979  PASS    2898    1  LSU  Bacteria  EC_LSU_3D   plus     1  1964.1  1964.1  0.68         0  0.990  0.990      10    2879      3   2902       -       -  -                -  -
169   URS000004795C  PASS     658    1  LSU  Bacteria  SC_LSU_3D   plus     1    80.0    80.0  0.12   8.9e-25  0.243  0.243     209     368      3    160       -       -  -                -  LowScore:(0.12<0.50);LowCoverage:(0.243<0.860);
170   URS00004BE5EC  PASS     164    1  LSU  Bacteria  KL_LSU_3D   plus     1    78.6    78.6  0.48   2.4e-24  0.945  0.945       9     163      3    155       -       -  -                -  LowScore:(0.48<0.50);
171   URS0000515426  PASS     484    1  LSU  Bacteria  KL_LSU_3D   plus     2   131.6   118.0  0.27   3.1e-36  0.463  0.355     136     307      1    173       -       -  -                -  LowScore:(0.27<0.50);LowCoverage:(0.463<0.860);MultipleHits:(2:SI[M:-19(155..173),S:125(308..432)]);
172   URS000052C942  PASS     643    1  LSU  Bacteria  KL_LSU_3D   plus     1    75.4    75.4  0.12   2.1e-23  0.249  0.249     257     416      3    160       -       -  -                -  LowScore:(0.12<0.50);LowCoverage:(0.249<0.860);
173   URS00005589BA  PASS     497    1  LSU  Bacteria  EC_LSU_3D   plus     1    41.1    41.1  0.08   6.7e-13  0.177  0.177     410     497      1     88       -       -  -                -  LowScore:(0.08<0.50);LowCoverage:(0.177<0.860);
174   URS00005C5B53  PASS     527    1  LSU  Bacteria  KL_LSU_3D   plus     1   122.8   122.8  0.23   1.1e-37  0.347  0.347     179     361      1    183       -       -  -                -  LowScore:(0.23<0.50);LowCoverage:(0.347<0.860);
175   URS00005182A9  PASS     254    1  LSU  Bacteria  KL_LSU_3D   plus     1    30.0    30.0  0.12     1e-09  0.256  0.256     190     254    154    218       -       -  -                -  LowScore:(0.12<0.50);LowCoverage:(0.256<0.860);
176   URS00004C7103  PASS     161    1  LSU  Bacteria  KL_LSU_3D   plus     1   122.4   122.4  0.76   1.4e-37  0.975  0.975       1     157      2    158       -       -  -                -  -
177   URS0000081C14  FAIL     235    0  -    -         -           -        -       -       -     -         -      -      -       -       -      -      -       -       -  -                -  *NoHits;
178   URS00004FBEF5  FAIL     248    0  -    -         -           -        -       -       -     -         -      -      -       -       -      -      -       -       -  -                -  *NoHits;
179   URS00004CFF3D  PASS     558    1  LSU  Bacteria  KL_LSU_3D   plus     1   113.1   113.1  0.20   8.9e-35  0.299  0.299     206     372      1    169       -       -  -                -  LowScore:(0.20<0.50);LowCoverage:(0.299<0.860);
180   URS0000D8D1E0  PASS    3383    1  LSU  Bacteria  SC_LSU_3D   plus     1  3197.2  3197.2  0.95         0  1.000  1.000       2    3383    163   3554       -       -  -                -  -
181   URS00002B744D  FAIL     231    0  -    -         -           -        -       -       -     -         -      -      -       -       -      -      -       -       -  -                -  *NoHits;
182   URS00002C2C77  PASS     251    1  LSU  Bacteria  SC_LSU_3D   plus     1    21.7    21.7  0.09   3.3e-07  0.251  0.251     189     251    157    219       -       -  -                -  LowScore:(0.09<0.50);LowCoverage:(0.251<0.860);
183   URS0000244B20  FAIL     236    0  -    -         -           -        -       -       -     -         -      -      -       -       -      -      -       -       -  -                -  *NoHits;
184   URS0000055430  PASS    2189    1  LSU  Bacteria  DM_LSU_3D   plus     2   847.6   663.8  0.39  7.2e-201  0.810  0.630     809    2188    896   2321       -       -  -                -  LowScore:(0.39<0.50);LowCoverage:(0.810<0.860);MultipleHits:(2:NH[M:263(633..895),S:414(395..808)]);
185   URS00006A9B69  PASS      99    1  LSU  Bacteria  KL_LSU_3D   plus     1    60.3    60.3  0.61   7.7e-19  0.990  0.990       1      98      2     99       -       -  -                -  -
186   URS000029A1B7  PASS     710    1  LSU  Bacteria  KL_LSU_3D   plus     2   285.3   175.6  0.40   1.3e-53  0.669  0.441     395     707    158    485       -       -  -                -  LowScore:(0.40<0.50);LowCoverage:(0.669<0.860);MultipleHits:(2:SI[M:-13(158..170),S:144(251..394)]);
187   URS0000EC54C0  PASS    2896    1  LSU  Bacteria  BS_LSU_3D   plus     1  1582.0  1582.0  0.55         0  0.997  0.997       3    2889      6   2916       -       -  -                -  -
188   URS0000321E54  PASS    3311    1  LSU  Bacteria  SC_LSU_3D   plus     1  1957.8  1957.8  0.59         0  1.000  1.000       2    3311    198   3511       -       -  -                -  -
189   URS00001A81CB  PASS     512    1  LSU  Bacteria  KL_LSU_3D   plus     1   118.7   118.7  0.23   1.9e-36  0.316  0.316     132     293      2    163       -       -  -                -  LowScore:(0.23<0.50);LowCoverage:(0.316<0.860);
190   URS00007E8323  PASS    1375    1  LSU  Bacteria  mHS_LSU_3D  plus     1   472.5   472.5  0.34  9.1e-143  0.969  0.969      42    1373     45   1359       -       -  -                -  LowScore:(0.34<0.50);
191   URS00005FF0AC  FAIL     191    0  -    -         -           -        -       -       -     -         -      -      -       -       -      -      -       -       -  -                -  *NoHits;
192   URS000073EDE4  PASS     545    1  LSU  Bacteria  SC_LSU_3D   plus     2   134.2   115.5  0.25   1.7e-35  0.400  0.310     164     332      1    171       -       -  -                -  LowScore:(0.25<0.50);LowCoverage:(0.400<0.860);MultipleHits:(2:SI[M:-11(161..171),S:163(333..495)]);
193   URS000071B540  PASS     154    1  LSU  Bacteria  KL_LSU_3D   plus     1   116.0   116.0  0.75   1.3e-35  0.994  0.994       1     153      2    154       -       -  -                -  -
194   URS0000244756  FAIL     260    0  -    -         -           -        -       -       -     -         -      -      -       -       -      -      -       -       -  -                -  *NoHits;
195   URS00006CBEB1  PASS     183    1  LSU  Bacteria  KL_LSU_3D   plus     1    64.1    64.1  0.35   5.5e-20  0.989  0.989       2     182      3    154       -       -  -                -  LowScore:(0.35<0.50);
196   URS00006CA5F7  PASS     162    1  LSU  Bacteria  KL_LSU_3D   plus     1    28.8    28.8  0.18   2.4e-09  0.784  0.784       2     128      3    117       -       -  -                -  LowScore:(0.18<0.50);LowCoverage:(0.784<0.860);
197   URS000019ADE2  FAIL     250    0  -    -         -           -        -       -       -     -         -      -      -       -       -      -      -       -       -  -                -  *NoHits;
198   URS00004A488B  PASS     581    1  LSU  Bacteria  KL_LSU_3D   plus     1   109.7   109.7  0.19     1e-33  0.286  0.286     218     383      2    169       -       -  -                -  LowScore:(0.19<0.50);LowCoverage:(0.286<0.860);
199   URS000012249F  PASS    2903    1  LSU  Bacteria  EC_LSU_3D   plus     1  2922.6  2922.6  1.01         0  1.000  1.000       2    2903      4   2904       -       -  -                -  -
200   URS0000C4F268  PASS    2905    1  LSU  Bacteria  BS_LSU_3D   plus     1  2181.7  2181.7  0.75         0  0.999  0.999       1    2901      1   2924       -       -  -                -  -
201   URS0000CA71D1  PASS    2110    1  LSU  Bacteria  EC_LSU_3D   plus     1  1571.2  1571.2  0.74         0  0.996  0.996       9    2110      2   2116       -       -  -                -  -
202   URS0000165D48  PASS    2899    1  LSU  Bacteria  BS_LSU_3D   plus     1  2142.1  2142.1  0.74         0  0.998  0.998       2    2895      5   2923       -       -  -                -  -
203   URS0000529F24  FAIL     256    0  -    -         -           -        -       -       -     -         -      -      -       -       -      -      -       -       -  -                -  *NoHits;
204   URS00001026F5  PASS    2902    1  LSU  Bacteria  EC_LSU_3D   plus     1  2926.1  2926.1  1.01         0  1.000  1.000       2    2902      4   2904       -       -  -                -  -
205   URS0000815ED8  PASS     361    1  LSU  Bacteria  KL_LSU_3D   plus     1   114.7   114.7  0.32   3.1e-35  0.449  0.449      94     255      2    162       -       -  -                -  LowScore:(0.32<0.50);LowCoverage:(0.449<0.860);
206   URS00003A975E  PASS     164    1  LSU  Bacteria  KL_LSU_3D   plus     1    77.9    77.9  0.48   3.8e-24  0.945  0.945       7     161      3    155       -       -  -                -  LowScore:(0.48<0.50);
207   URS0000E20802  PASS     343    1  LSU  Bacteria  mHS_LSU_3D  plus     1    45.1    45.1  0.13   1.4e-13  0.513  0.513     166     341   1216   1390       -       -  -                -  LowScore:(0.13<0.50);LowCoverage:(0.513<0.860);
208   URS000023A689  PASS    1559    1  LSU  Bacteria  mHS_LSU_3D  plus     1   808.9   808.9  0.52    2e-244  0.997  0.997       5    1558      6   1557       -       -  -                -  -
209   URS00000D7872  PASS     525    1  LSU  Bacteria  KL_LSU_3D   plus     2   132.5   112.7  0.25   1.2e-34  0.408  0.305     160     319      1    160       -       -  -                -  LowScore:(0.25<0.50);LowCoverage:(0.408<0.860);MultipleHits:(2:SI[M:-5(156..160),S:151(320..470)]);
210   URS00002A83A8  PASS     154    1  LSU  Bacteria  KL_LSU_3D   plus     1   117.5   117.5  0.76   4.3e-36  0.994  0.994       1     153      2    154       -       -  -                -  -
211   URS00000FD5D1  FAIL     274    0  -    -         -           -        -       -       -     -         -      -      -       -       -      -      -       -       -  -                -  *NoHits;
212   URS0000D16A2E  PASS     463    1  LSU  Bacteria  KL_LSU_3D   plus     1    72.1    72.1  0.16   2.1e-22  0.346  0.346      65     224      3    160       -       -  -                -  LowScore:(0.16<0.50);LowCoverage:(0.346<0.860);
213   URS000055AF9C  FAIL     230    0  -    -         -           -        -       -       -     -         -      -      -       -       -      -      -       -       -  -                -  *NoHits;
214   URS00001DC488  PASS    3184    1  LSU  Bacteria  SC_LSU_3D   plus     1  1925.4  1925.4  0.60         0  0.978  0.978       5    3119    245   3345       -       -  -                -  -
215   URS00000831E3  PASS    1173    1  LSU  Bacteria  KL_LSU_3D   plus     2   462.8   351.3  0.39  1.4e-106  0.648  0.514     567    1169    158    758       -       -  -                -  LowScore:(0.39<0.50);LowCoverage:(0.648<0.860);MultipleHits:(2:SI[M:-1(158..158),S:201(366..566)]);
216   URS000046A69A  PASS     443    1  LSU  Bacteria  MS_LSU_3D   plus     1    73.8    73.8  0.17   9.1e-23  0.289  0.289     316     443      2    129       -       -  -                -  LowScore:(0.17<0.50);LowCoverage:(0.289<0.860);
217   URS000021A66B  PASS     673    1  LSU  Bacteria  KL_LSU_3D   plus     1   114.7   114.7  0.17     3e-35  0.239  0.239     324     484      2    162       -       -  -                -  LowScore:(0.17<0.50);LowCoverage:(0.239<0.860);
218   URS00006398A3  PASS     156    1  LSU  Bacteria  KL_LSU_3D   plus     1    73.6    73.6  0.47   7.5e-23  0.987  0.987       2     155      3    154       -       -  -                -  LowScore:(0.47<0.50);
219   URS000080E401  PASS     974    1  LSU  Bacteria  HS_LSU_3D   plus     1    72.1    72.1  0.07   9.3e-23  0.461  0.461     525     973   1314   1694       -       -  -                -  LowScore:(0.07<0.50);LowCoverage:(0.461<0.860);
220   URS000033B679  PASS     153    1  LSU  Bacteria  KL_LSU_3D   plus     1   109.2   109.2  0.71   1.4e-33  0.993  0.993       1     152      2    153       -       -  -                -  -
221   URS000074C968  PASS     353    1  LSU  Bacteria  KL_LSU_3D   plus     1    87.8    87.8  0.25     4e-27  0.365  0.365       2     130     34    162       -       -  -                -  LowScore:(0.25<0.50);LowCoverage:(0.365<0.860);
222   URS000000EB5E  PASS     470    1  LSU  Bacteria  SC_LSU_3D   plus     1    76.9    76.9  0.16   7.5e-24  0.334  0.334     157     313      3    157       -       -  -                -  LowScore:(0.16<0.50);LowCoverage:(0.334<0.860);
223   URS0000847D19  PASS     166    1  LSU  Bacteria  KL_LSU_3D   plus     1    75.2    75.2  0.45   2.5e-23  0.934  0.934       7     161      3    155       -       -  -                -  LowScore:(0.45<0.50);
224   URS0000573A28  FAIL     239    0  -    -         -           -        -       -       -     -         -      -      -       -       -      -      -       -       -  -                -  *NoHits;
225   URS0000ABAF2A  PASS    3389    1  LSU  Bacteria  SC_LSU_3D   plus     1  2008.7  2008.7  0.59         0  0.999  0.999       2    3388    163   3553       -       -  -                -  -
226   URS0000E4116F  PASS     660    1  LSU  Bacteria  HS_LSU_3D   plus     1    58.7    58.7  0.09     1e-18  0.823  0.823     115     657   1147   1683       -       -  -                -  LowScore:(0.09<0.50);LowCoverage:(0.823<0.860);
227   URS000013E8B9  FAIL     186    0  -    -         -           -        -       -       -     -         -      -      -       -       -      -      -       -       -  -                -  *NoHits;
228   URS0000122F80  PASS     157    1  LSU  Bacteria  KL_LSU_3D   plus     1    91.7    91.7  0.58   2.6e-28  0.955  0.955       6     155      3    156       -       -  -                -  -
229   URS00003093CB  PASS     158    1  LSU  Bacteria  KL_LSU_3D   plus     1   116.1   116.1  0.73   1.1e-35  0.987  0.987       1     156      1    156       -       -  -                -  -
230   URS000097F9DE  PASS     240    1  LSU  Bacteria  mHS_LSU_3D  plus     1    75.4    75.4  0.31   9.5e-23  0.812  0.812      45     239    790    986       -       -  -                -  LowScore:(0.31<0.50);LowCoverage:(0.812<0.860);
231   URS00001BFE57  PASS     516    1  LSU  Bacteria  mHS_LSU_3D  plus     1   104.9   104.9  0.20   1.1e-31  0.948  0.948      27     515    870   1390       -       -  -                -  LowScore:(0.20<0.50);
232   URS0000322684  PASS     926    1  LSU  Bacteria  KL_LSU_3D   plus     2   142.0   121.2  0.15   3.3e-37  0.255  0.171     336     493      1    158       -       -  -                -  LowScore:(0.15<0.50);LowCoverage:(0.255<0.860);MultipleHits:(2:SI[M:-2(157..158),S:160(494..653)]);
233   URS0000ABBBB6  PASS    2727    1  LSU  Bacteria  EC_LSU_3D   plus     1  2769.3  2769.3  1.02         0  1.000  1.000       1    2726    160   2885       -       -  -                -  -
234   URS00005B05C4  FAIL     235    0  -    -         -           -        -       -       -     -         -      -      -       -       -      -      -       -       -  -                -  *NoHits;
235   URS00006E623E  PASS     156    1  LSU  Bacteria  KL_LSU_3D   plus     1    79.5    79.5  0.51   1.3e-24  0.987  0.987       2     155      3    154       -       -  -                -  -
236   URS00006191E0  FAIL     247    0  -    -         -           -        -       -       -     -         -      -      -       -       -      -      -       -       -  -                -  *NoHits;
237   URS0000BA8BB6  PASS     165    1  LSU  Bacteria  KL_LSU_3D   plus     1    74.9    74.9  0.45   2.9e-23  0.939  0.939       7     161      3    155       -       -  -                -  LowScore:(0.45<0.50);
238   URS0000291695  FAIL     246    0  -    -         -           -        -       -       -     -         -      -      -       -       -      -      -       -       -  -                -  *NoHits;
239   URS00004BA259  FAIL     229    0  -    -         -           -        -       -       -     -         -      -      -       -       -      -      -       -       -  -                -  *NoHits;
240   URS0000183A90  PASS     164    1  LSU  Bacteria  KL_LSU_3D   plus     1    77.0    77.0  0.47   7.2e-24  0.951  0.951       7     162      3    156       -       -  -                -  LowScore:(0.47<0.50);
241   URS00001A353B  PASS    1359    1  LSU  Bacteria  mHS_LSU_3D  plus     2   276.0   254.3  0.20   8.4e-77  0.859  0.480     656    1307    787   1467       -       -  -                -  LowScore:(0.20<0.50);LowCoverage:(0.859<0.860);MultipleHits:(2:NH[M:178(609..786),S:99(557..655)]);
242   URS0000225B1A  PASS     184    1  LSU  Bacteria  KL_LSU_3D   plus     1   109.3   109.3  0.59   1.2e-33  0.837  0.837       2     155      5    159       -       -  -                -  LowCoverage:(0.837<0.860);
243   URS00006CE929  PASS      97    1  LSU  Bacteria  KL_LSU_3D   plus     1    48.4    48.4  0.50   2.9e-15  0.979  0.979       1      95     59    153       -       -  -                -  LowScore:(0.50<0.50);
244   URS0000B854F5  PASS     120    1  LSU  Bacteria  EC_LSU_3D   plus     1    58.7    58.7  0.49   3.4e-18  0.833  0.833       3     102   2805   2904       -       -  -                -  LowScore:(0.49<0.50);LowCoverage:(0.833<0.860);
245   URS0000EC3F48  PASS    2896    1  LSU  Bacteria  BS_LSU_3D   plus     1  2011.6  2011.6  0.69         0  0.998  0.998       3    2892      5   2924       -       -  -                -  -
246   URS0000134621  PASS     494    1  LSU  Bacteria  KL_LSU_3D   plus     2   137.9   123.7  0.28     6e-38  0.425  0.322     139     297      1    159       -       -  -                -  LowScore:(0.28<0.50);LowCoverage:(0.425<0.860);MultipleHits:(2:SI[M:-4(156..159),S:144(298..441)]);
247   URS000057860B  PASS    1572    1  LSU  Bacteria  mHS_LSU_3D  plus     1   841.3   841.3  0.54  3.3e-254  0.998  0.998       2    1570      2   1558       -       -  -                -  -
248   URS0000C4C0F1  PASS    3091    1  LSU  Bacteria  EC_LSU_3D   plus     2  2639.9  2155.2  0.85         0  0.972  0.797     630    3091    526   2904       -       -  -                -  MultipleHits:(2:SI[M:-16(526..541),S:88(542..629)]);
249   URS00005C636A  FAIL     185    0  -    -         -           -        -       -       -     -         -      -      -       -       -      -      -       -       -  -                -  *NoHits;
250   URS0000214716  PASS     292    1  LSU  Bacteria  KL_LSU_3D   plus     1    30.5    30.5  0.10   7.6e-10  0.459  0.459     159     292     83    218       -       -  -                -  LowScore:(0.10<0.50);LowCoverage:(0.459<0.860);
251   URS00003B6071  FAIL     246    0  -    -         -           -        -       -       -     -         -      -      -       -       -      -      -       -       -  -                -  *NoHits;
252   URS0000768DCF  PASS     456    1  LSU  Bacteria  SC_LSU_3D   plus     1   125.4   125.4  0.28   1.8e-38  0.401  0.401     137     319      1    184       -       -  -                -  LowScore:(0.28<0.50);LowCoverage:(0.401<0.860);
253   URS0000EE0C05  PASS    3088    1  LSU  Bacteria  MS_LSU_3D   plus     1  1817.8  1817.8  0.59         0  0.993  0.993      11    3077     10   3114       -       -  -                -  -
254   URS00002474EA  PASS     602    1  LSU  Bacteria  KL_LSU_3D   plus     1    81.0    81.0  0.13   4.2e-25  0.271  0.271     233     395      3    162       -       -  -                -  LowScore:(0.13<0.50);LowCoverage:(0.271<0.860);
255   URS0000BF9DF4  PASS    3041    1  LSU  Bacteria  MS_LSU_3D   plus     2  2071.1  1069.7  0.68         0  0.992  0.492    1536    3031   1622   3115       -       -  -                -  MultipleHits:(2:MD[M:87(1535..1621),S:7(1529..1535)]);
256   URS0000039EF6  PASS     157    1  LSU  Bacteria  KL_LSU_3D   plus     1   120.8   120.8  0.77   4.3e-37  1.000  1.000       1     157      1    157       -       -  -                -  -
257   URS0000449C3D  PASS     160    1  LSU  Bacteria  KL_LSU_3D   plus     1    62.0    62.0  0.39   2.4e-19  0.969  0.969       2     156      2    154       -       -  -                -  LowScore:(0.39<0.50);
258   URS0000DCC797  PASS    2921    1  LSU  Bacteria  SA_LSU_3D   plus     1  2981.9  2981.9  1.02         0  0.999  0.999       2    2918      4   2920       -       -  -                -  -
259   URS000061F7DA  PASS     639    1  LSU  Bacteria  KL_LSU_3D   plus     1    78.0    78.0  0.12   3.4e-24  0.247  0.247     243     400      3    158       -       -  -                -  LowScore:(0.12<0.50);LowCoverage:(0.247<0.860);
260   URS0000986963  PASS    1725    1  LSU  Bacteria  EC_LSU_3D   plus     1  1754.0  1754.0  1.02         0  1.000  1.000       1    1725      1   1724       -       -  -                -  -
261   URS00002485A9  FAIL     247    0  -    -         -           -        -       -       -     -         -      -      -       -       -      -      -       -       -  -                -  *NoHits;
262   URS0000755391  PASS     164    1  LSU  Bacteria  KL_LSU_3D   plus     1    76.5    76.5  0.47     1e-23  0.945  0.945       7     161      3    155       -       -  -                -  LowScore:(0.47<0.50);
263   URS000033F658  PASS    1669    1  LSU  Bacteria  mHS_LSU_3D  plus     1   620.0   620.0  0.37  2.4e-187  0.951  0.951      46    1633     25   1530       -       -  -                -  LowScore:(0.37<0.50);
264   URS00006ECA7A  PASS     156    1  LSU  Bacteria  KL_LSU_3D   plus     1    72.7    72.7  0.47   1.4e-22  0.987  0.987       2     155      3    154       -       -  -                -  LowScore:(0.47<0.50);
265   URS00004EE934  PASS     514    1  LSU  Bacteria  KL_LSU_3D   plus     1    29.9    29.9  0.06   1.1e-09  0.235  0.235     167     287      3    116       -       -  -                -  LowScore:(0.06<0.50);LowCoverage:(0.235<0.860);
266   URS0000DEEEBE  PASS    2814    1  LSU  Bacteria  cSO_23S_3D  plus     1  2764.4  2764.4  0.98         0  1.000  1.000       2    2814      3   2809       -       -  -                -  -
267   URS0000A1B018  PASS    3405    1  LSU  Bacteria  HS_LSU_3D   plus     4  2168.6   865.5  0.64  7.3e-262  0.938  0.329    2284    3404   3676   4862       -       -  -                -  MultipleHits:(4:NH[M:599(676..1274),S:185(481..665)],MD[M:167(2244..2410),S:8(1542..1549)],NH[M:560(3116..3675),S:18(2266..2283)]);
268   URS0000835CD6  PASS     729    1  LSU  Bacteria  SC_LSU_3D   plus     1    76.8    76.8  0.11   8.3e-24  0.221  0.221     279     439      3    161       -       -  -                -  LowScore:(0.11<0.50);LowCoverage:(0.221<0.860);
269   URS0000EC857D  PASS    2900    1  LSU  Bacteria  EC_LSU_3D   plus     1  2811.2  2811.2  0.97         0  1.000  1.000       2    2900      4   2904       -       -  -                -  -
270   URS000002ECEC  PASS     260    1  LSU  Bacteria  KL_LSU_3D   plus     1    28.1    28.1  0.11   3.9e-09  0.238  0.238     199     260    157    218       -       -  -                -  LowScore:(0.11<0.50);LowCoverage:(0.238<0.860);
271   URS00004BC440  FAIL     229    0  -    -         -           -        -       -       -     -         -      -      -       -       -      -      -       -       -  -                -  *NoHits;
272   URS0000B11F12  PASS     743    1  LSU  Bacteria  HS_LSU_3D   plus     1   152.7   152.7  0.21   4.8e-47  0.876  0.876      93     743   1151   1790       -       -  -                -  LowScore:(0.21<0.50);
273   URS00001E6361  PASS    2902    1  LSU  Bacteria  EC_LSU_3D   plus     1  2952.7  2952.7  1.02         0  1.000  1.000       2    2902      4   2904       -       -  -                -  -
274   URS000039F68B  FAIL    3073    1  LSU  Bacteria  EC_LSU_3D   plus     2  2603.8  2153.0  0.85         0  0.968  0.789     647    3072    477   2903       -       -  -                -  *DuplicateRegion:(477-554)_hits_1_and_2(M:477.2903,4.554,S:647.3072,2.551);MultipleHits:(2:SI[M:-78(477..554),S:95(552..646)]);
275   URS00000C56EF  FAIL     242    0  -    -         -           -        -       -       -     -         -      -      -       -       -      -      -       -       -  -                -  *NoHits;
276   URS0000C08BA3  PASS    4688    1  LSU  Bacteria  HS_LSU_3D   plus     5  1802.6   494.8  0.38  3.9e-150  0.840  0.222     999    2039   1315   2249       -       -  -                -  LowScore:(0.38<0.50);LowCoverage:(0.840<0.860);MultipleHits:(5:NH[M:493(822..1314),S:303(696..998)],NH[M:176(2250..2425),S:67(2040..2106)],NH[M:618(3117..3734),S:186(2909..3094)],NH[M:49(4249..4297),S:174(3576..3749)]);
277   URS0000850E6C  PASS    2886    1  LSU  Bacteria  EC_LSU_3D   plus     1  2532.1  2532.1  0.88         0  0.993  0.993      10    2874      1   2904       -       -  -                -  -
278   URS0000DC2E8B  PASS    2887    1  LSU  Bacteria  BS_LSU_3D   plus     1  1940.9  1940.9  0.67         0  0.999  0.999       3    2886      5   2913       -       -  -                -  -
279   URS00004C2607  FAIL     231    0  -    -         -           -        -       -       -     -         -      -      -       -       -      -      -       -       -  -                -  *NoHits;
280   URS000005CF96  FAIL     229    0  -    -         -           -        -       -       -     -         -      -      -       -       -      -      -       -       -  -                -  *NoHits;
281   URS000029A611  FAIL     255    0  -    -         -           -        -       -       -     -         -      -      -       -       -      -      -       -       -  -                -  *NoHits;
282   URS000020541D  PASS     623    1  LSU  Bacteria  SC_LSU_3D   plus     1    81.2    81.2  0.13   3.9e-25  0.254  0.254     270     427      3    158       -       -  -                -  LowScore:(0.13<0.50);LowCoverage:(0.254<0.860);
283   URS0000655CFD  PASS     154    1  LSU  Bacteria  KL_LSU_3D   plus     1    65.2    65.2  0.42   2.6e-20  0.987  0.987       2     153      3    154       -       -  -                -  LowScore:(0.42<0.50);
284   URS00001DC6B3  PASS     604    1  LSU  Bacteria  KL_LSU_3D   plus     2   132.0   112.2  0.22   1.7e-34  0.369  0.265     207     366      1    160       -       -  -                -  LowScore:(0.22<0.50);LowCoverage:(0.369<0.860);MultipleHits:(2:SI[M:-3(158..160),S:174(367..540)]);
285   URS00009D717A  PASS    1689    1  LSU  Bacteria  mHS_LSU_3D  plus     1   593.0   593.0  0.35  3.6e-179  0.951  0.951      51    1656     12   1529       -       -  -                -  LowScore:(0.35<0.50);
286   URS00003C1663  PASS    2814    1  LSU  Bacteria  SA_LSU_3D   plus     1  1575.4  1575.4  0.56         0  0.996  0.996       8    2809      9   2918       -       -  -                -  -
287   URS0000096948  FAIL     237    0  -    -         -           -        -       -       -     -         -      -      -       -       -      -      -       -       -  -                -  *NoHits;
288   URS000071FFF8  PASS     154    1  LSU  Bacteria  KL_LSU_3D   plus     1    46.1    46.1  0.30   1.4e-14  0.948  0.948       2     147      3    148       -       -  -                -  LowScore:(0.30<0.50);
289   URS00004262BA  FAIL     268    0  -    -         -           -        -       -       -     -         -      -      -       -       -      -      -       -       -  -                -  *NoHits;
290   URS00003E2D5A  PASS     604    1  LSU  Bacteria  KL_LSU_3D   plus     1    56.1    56.1  0.09   1.4e-17  0.270  0.270     236     398      3    163       -       -  -                -  LowScore:(0.09<0.50);LowCoverage:(0.270<0.860);
291   URS0000691D64  PASS     156    1  LSU  Bacteria  SC_LSU_3D   plus     1    78.3    78.3  0.50   2.9e-24  0.987  0.987       2     155      3    154       -       -  -                -  -
292   URS00004FEBDD  PASS     269    1  LSU  Bacteria  KL_LSU_3D   plus     1    28.4    28.4  0.11   3.1e-09  0.238  0.238     206     269    155    218       -       -  -                -  LowScore:(0.11<0.50);LowCoverage:(0.238<0.860);
293   URS00003C96A7  FAIL    4133    1  LSU  Bacteria  DM_LSU_3D   plus     2  2200.9  1853.2  0.53         0  0.985  0.782     894    4126    987   4057       -       -  -                -  *DuplicateRegion:(987-1024)_hits_1_and_2(M:987.4057,196.1024,S:894.4126,2.840);MultipleHits:(2:SI[M:-38(987..1024),S:53(841..893)]);
294   URS000064805B  PASS     156    1  LSU  Bacteria  KL_LSU_3D   plus     1    72.8    72.8  0.47   1.3e-22  0.987  0.987       2     155      3    154       -       -  -                -  LowScore:(0.47<0.50);
295   URS0000169C88  PASS     712    1  LSU  Bacteria  KL_LSU_3D   plus     2   144.4   131.0  0.20   3.6e-40  0.294  0.228     271     432      1    162       -       -  -                -  LowScore:(0.20<0.50);LowCoverage:(0.294<0.860);MultipleHits:(2:SI[M:-8(155..162),S:233(433..665)]);
296   URS00006796C5  PASS     154    1  LSU  Bacteria  KL_LSU_3D   plus     1   109.3   109.3  0.71   1.3e-33  0.994  0.994       1     153      2    154       -       -  -                -  -
297   URS0000532EB2  PASS     614    1  LSU  Bacteria  SC_LSU_3D   plus     1    75.5    75.5  0.12     2e-23  0.254  0.254     218     373      3    156       -       -  -                -  LowScore:(0.12<0.50);LowCoverage:(0.254<0.860);
298   URS00006B2C41  PASS     155    1  LSU  Bacteria  KL_LSU_3D   plus     1   103.8   103.8  0.67     6e-32  0.994  0.994       1     154      2    154       -       -  -                -  -
299   URS00004599D3  PASS     674    1  LSU  Bacteria  SC_LSU_3D   plus     1    78.6    78.6  0.12   2.3e-24  0.231  0.231     249     404      3    156       -       -  -                -  LowScore:(0.12<0.50);LowCoverage:(0.231<0.860);
300   URS00003D41D2  PASS     386    1  LSU  Bacteria  KL_LSU_3D   plus     1    62.3    62.3  0.16   1.8e-19  0.303  0.303     261     377      3    119       -       -  -                -  LowScore:(0.16<0.50);LowCoverage:(0.303<0.860);
#
# Explanation of columns:
#
# Column  1 [idx]:                 index of sequence in input sequence file
# Column  2 [target]:              name of target sequence
# Column  3 [p/f]:                 PASS or FAIL (reasons for failure begin with '*' in rightmost column)
# Column  4 [length]:              length of target sequence (nt)
# Column  5 [#fm]:                 number of different families detected in sequence
# Column  6 [fam]:                 name of family the best-scoring model to this sequence belongs to
# Column  7 [domain]:              name of domain the best-scoring model to this sequence belongs to
# Column  8 [model]:               name of best-scoring model
# Column  9 [strnd]:               strand ('plus' or 'minus') of best-scoring hit
# Column 10 [#ht]:                 number of hits to best model on strand of best hit (no score threshold enforced)
# Column 11 [tscore]:              summed bit scores of all hits between best model and this sequence (no score threshold enforced)
# Column 12 [bscore]:              bit score of best-scoring hit between best model and this sequence (above threshold)
# Column 13 [s/nt]:                summed bit scores of all hits divided by length of the sequence
# Column 14 [bevalue]:             E-value of best-scoring hit to this sequence
# Column 15 [tcov]:                fraction of target sequence included in all (non-overlapping) hits to the best-scoring model
# Column 16 [bcov]:                fraction of target sequence included in single best-scoring hit
# Column 17 [bfrom]:               start position in the sequence of best-scoring hit
# Column 18 [bto]:                 stop position in the sequence of best-scoring hit
# Column 19 [mfrom]:               start position in the model of best-scoring hit
# Column 20 [mto]:                 stop position in the model of best-scoring hit
# Column 21 [scdiff]:              difference in score from classification stage between summed score of hits to best model and summed scores of hits to second best model
# Column 22 [scd/nt]:              score difference per position: 'scdiff' value divided by total length of all hits to best model
# Column 23 [model]:               name of second best-scoring model
# Column 24 [tscore]:              summed bit scores of all hits between second-best model and this sequence (no score threshold enforced)
# Column 25 [unexpected_features]: unexpected/unusual features of sequence (see below)
# - - - - - - - - - - - - - - - - - - - - - - - - - - - - - - - - - - - - - - - - - - 
#
# Explanation of possible values in unexpected_features column:
#
# This column will include a '-' if none of the features listed below are detected.
# Or it will contain one or more of the following types of messages. There are no
# whitespaces in this field, to make parsing easier.
#
# Values that begin with "*" automatically cause a sequence to FAIL.
# Values that do not begin with "*" do not cause a sequence to FAIL.
#
#  1.  *NoHits                 No primary hits to any models above the minimum primary score
#                              threshold of 20 bits (--minpsc) were found.
#  2.  *MultipleFamilies       One or more primary hits to two or more "families" (e.g. SSU
#                              or LSU) exists for the same sequence.
#  3.  *BothStrands            One or more primary hits above the minimum primary score threshold
#                              of 20 bits (--minpsc) were found on each strand.
#  4.  *DuplicateRegion        At least two hits (primary or secondary) on the same strand overlap
#                              in model coordinates by 20 (--maxoverlap) positions or more
#  5.  *InconsistentHits       Not all hits (primary or secondary) are in the same order in the
#                              sequence and in the model.
#  6.  MinusStrand             Best hit is on the minus strand.
#  7.  LowScore                The bits per nucleotide (total bit score divided by total length
#                              of sequence) is below threshold of 0.5 (--lowppossc).
#  8.  LowCoverage             The total coverage of all hits (primary and secondary) to the best
#                              model (summed length of all hits divided by total length of sequence)
#                              is below threshold of 0.86 (--tcov).
#  9.  LowScoreDifference      The difference between the top two domains is below the 'low'
#                              threshold of 0.10 (--lowpdiff) bits per position (total bit score
#                              divided by summed length of all hits).
# 10.  VeryLowScoreDifference  The difference between the top two domains is below the 'very low'
#                              threshold of 0.04 (--vlowpdiff) bits per position (total bit score
#                              divided by summed length of all hits).
# 11.  MultipleHits            There is more than one hit to the best scoring model on the same strand.
#
